Copyright 1986-2019 Xilinx, Inc. All Rights Reserved.
----------------------------------------------------------------------------------------------------------------------------------------------------------------
| Tool Version     : Vivado v.2019.1 (lin64) Build 2552052 Fri May 24 14:47:09 MDT 2019
| Date             : Tue Nov 26 17:54:07 2019
| Host             : abencoado running 64-bit Manjaro Linux
| Command          : report_power -file DCTCop_wrapper_power_routed.rpt -pb DCTCop_wrapper_power_summary_routed.pb -rpx DCTCop_wrapper_power_routed.rpx
| Design           : DCTCop_wrapper
| Device           : xc7a200tfbg676-2
| Design State     : routed
| Grade            : commercial
| Process          : typical
| Characterization : Production
----------------------------------------------------------------------------------------------------------------------------------------------------------------

Power Report

Table of Contents
-----------------
1. Summary
1.1 On-Chip Components
1.2 Power Supply Summary
1.3 Confidence Level
2. Settings
2.1 Environment
2.2 Clock Constraints
3. Detailed Reports
3.1 By Hierarchy

1. Summary
----------

+--------------------------+--------------+
| Total On-Chip Power (W)  | 0.304        |
| Design Power Budget (W)  | Unspecified* |
| Power Budget Margin (W)  | NA           |
| Dynamic (W)              | 0.181        |
| Device Static (W)        | 0.123        |
| Effective TJA (C/W)      | 1.9          |
| Max Ambient (C)          | 84.4         |
| Junction Temperature (C) | 25.6         |
| Confidence Level         | Medium       |
| Setting File             | ---          |
| Simulation Activity File | ---          |
| Design Nets Matched      | NA           |
+--------------------------+--------------+
* Specify Design Power Budget using, set_operating_conditions -design_power_budget <value in Watts>


1.1 On-Chip Components
----------------------

+--------------------------+-----------+----------+-----------+-----------------+
| On-Chip                  | Power (W) | Used     | Available | Utilization (%) |
+--------------------------+-----------+----------+-----------+-----------------+
| Clocks                   |     0.054 |        7 |       --- |             --- |
| Slice Logic              |     0.008 |   105898 |       --- |             --- |
|   LUT as Logic           |     0.005 |    51898 |    133800 |           38.79 |
|   CARRY4                 |     0.002 |     9926 |     33450 |           29.67 |
|   LUT as Distributed RAM |    <0.001 |       64 |     46200 |            0.14 |
|   Register               |    <0.001 |    36073 |    267600 |           13.48 |
|   F7/F8 Muxes            |    <0.001 |      418 |    133800 |            0.31 |
|   LUT as Shift Register  |    <0.001 |       74 |     46200 |            0.16 |
|   Others                 |    <0.001 |      469 |       --- |             --- |
|   BUFG                   |     0.000 |        1 |        32 |            3.13 |
| Signals                  |     0.011 |    69162 |       --- |             --- |
| Block RAM                |     0.003 |       16 |       365 |            4.38 |
| MMCM                     |     0.106 |        1 |        10 |           10.00 |
| I/O                      |    <0.001 |        4 |       400 |            1.00 |
| Static Power             |     0.123 |          |           |                 |
| Total                    |     0.304 |          |           |                 |
+--------------------------+-----------+----------+-----------+-----------------+


1.2 Power Supply Summary
------------------------

+-----------+-------------+-----------+-------------+------------+
| Source    | Voltage (V) | Total (A) | Dynamic (A) | Static (A) |
+-----------+-------------+-----------+-------------+------------+
| Vccint    |       1.000 |     0.106 |       0.076 |      0.031 |
| Vccaux    |       1.800 |     0.089 |       0.059 |      0.031 |
| Vcco33    |       3.300 |     0.000 |       0.000 |      0.000 |
| Vcco25    |       2.500 |     0.000 |       0.000 |      0.000 |
| Vcco18    |       1.800 |     0.000 |       0.000 |      0.000 |
| Vcco15    |       1.500 |     0.000 |       0.000 |      0.000 |
| Vcco135   |       1.350 |     0.000 |       0.000 |      0.000 |
| Vcco12    |       1.200 |     0.000 |       0.000 |      0.000 |
| Vccaux_io |       1.800 |     0.000 |       0.000 |      0.000 |
| Vccbram   |       1.000 |     0.001 |       0.000 |      0.001 |
| MGTAVcc   |       1.000 |     0.000 |       0.000 |      0.000 |
| MGTAVtt   |       1.200 |     0.000 |       0.000 |      0.000 |
| Vccadc    |       1.800 |     0.020 |       0.000 |      0.020 |
+-----------+-------------+-----------+-------------+------------+


1.3 Confidence Level
--------------------

+-----------------------------+------------+-------------------------------------------------------+------------------------------------------------------------------------------------------------------------+
| User Input Data             | Confidence | Details                                               | Action                                                                                                     |
+-----------------------------+------------+-------------------------------------------------------+------------------------------------------------------------------------------------------------------------+
| Design implementation state | High       | Design is routed                                      |                                                                                                            |
| Clock nodes activity        | High       | User specified more than 95% of clocks                |                                                                                                            |
| I/O nodes activity          | Medium     | More than 5% of inputs are missing user specification | Provide missing input activity with simulation results or by editing the "By Resource Type -> I/Os" view   |
| Internal nodes activity     | Medium     | User specified less than 25% of internal nodes        | Provide missing internal nodes activity with simulation results or by editing the "By Resource Type" views |
| Device models               | High       | Device models are Production                          |                                                                                                            |
|                             |            |                                                       |                                                                                                            |
| Overall confidence level    | Medium     |                                                       |                                                                                                            |
+-----------------------------+------------+-------------------------------------------------------+------------------------------------------------------------------------------------------------------------+


2. Settings
-----------

2.1 Environment
---------------

+-----------------------+--------------------------+
| Ambient Temp (C)      | 25.0                     |
| ThetaJA (C/W)         | 1.9                      |
| Airflow (LFM)         | 250                      |
| Heat Sink             | medium (Medium Profile)  |
| ThetaSA (C/W)         | 3.4                      |
| Board Selection       | medium (10"x10")         |
| # of Board Layers     | 12to15 (12 to 15 Layers) |
| Board Temperature (C) | 25.0                     |
+-----------------------+--------------------------+


2.2 Clock Constraints
---------------------

+----------------------------------------------------------+-----------------------------------------------------+-----------------+
| Clock                                                    | Domain                                              | Constraint (ns) |
+----------------------------------------------------------+-----------------------------------------------------+-----------------+
| DCTCop_i/mdm_1/U0/Use_E2.BSCAN_I/Use_E2.BSCANE2_I/DRCK   | DCTCop_i/mdm_1/U0/Use_E2.BSCAN_I/DRCK               |            33.3 |
| DCTCop_i/mdm_1/U0/Use_E2.BSCAN_I/Use_E2.BSCANE2_I/UPDATE | DCTCop_i/mdm_1/U0/Use_E2.BSCAN_I/Dbg_Update_0       |            33.3 |
| clk_out1_DCTCop_clk_wiz_1_1                              | DCTCop_i/clk_wiz_1/inst/clk_out1_DCTCop_clk_wiz_1_1 |            10.0 |
| clkfbout_DCTCop_clk_wiz_1_1                              | DCTCop_i/clk_wiz_1/inst/clkfbout_DCTCop_clk_wiz_1_1 |            10.0 |
| sys_clock                                                | sys_clock                                           |            10.0 |
+----------------------------------------------------------+-----------------------------------------------------+-----------------+


3. Detailed Reports
-------------------

3.1 By Hierarchy
----------------

+-------------------------------+-----------+
| Name                          | Power (W) |
+-------------------------------+-----------+
| DCTCop_wrapper                |     0.181 |
|   DCTCop_i                    |     0.181 |
|     DCTs_0                    |     0.059 |
|       U0                      |     0.059 |
|     clk_wiz_1                 |     0.107 |
|       inst                    |     0.107 |
|     microblaze_0              |     0.009 |
|       U0                      |     0.009 |
|     microblaze_0_axi_periph   |     0.002 |
|       xbar                    |     0.002 |
|     microblaze_0_local_memory |     0.003 |
|       lmb_bram                |     0.003 |
+-------------------------------+-----------+


